214899ms INFO telemetry - 0.000000,0.000000,0.000000,-4.957723,0.000000,5.029989
214920ms INFO telemetry - 0.156250,0.000000,0.000000,-4.957723,0.000000,5.028483
214943ms INFO telemetry - 0.243750,0.000000,0.000000,-4.957723,0.000000,5.028483
214955ms INFO telemetry - 0.318750,0.000000,0.000000,-4.956217,0.000000,5.028483
214979ms INFO telemetry - 0.318750,0.000000,0.000000,-4.957723,0.000000,5.028483
215000ms INFO telemetry - 0.481250,0.000000,0.000000,-4.957723,0.000000,5.028483
215021ms INFO telemetry - 0.493750,0.000000,0.000000,-4.957723,0.000000,5.028483
215044ms INFO telemetry - 0.493750,0.000000,0.000000,-4.954712,-0.001506,5.017944
215065ms INFO telemetry - 0.493750,0.000000,0.003011,-4.941162,-0.006022,5.013428
215085ms INFO telemetry - 0.493750,0.000000,0.009033,-4.938151,-0.010539,5.007406
215109ms INFO telemetry - 0.575000,0.000000,0.015055,-4.930623,-0.018066,4.999878
215124ms INFO telemetry - 0.662500,0.000000,0.022583,-4.923096,-0.024089,4.992350
215146ms INFO telemetry - 0.662500,0.000000,0.030111,-4.912557,-0.030111,4.981812
215163ms INFO telemetry - 0.662500,0.000000,0.036133,-4.897502,-0.034627,4.966756
215174ms INFO telemetry - 0.781250,0.000000,0.042155,-4.879435,-0.034627,4.966756
215203ms INFO telemetry - 0.787500,0.000000,0.051188,-4.858358,-0.051188,4.924601
215223ms INFO telemetry - 0.787500,0.000000,0.063232,-4.832764,-0.066243,4.894491
215244ms INFO telemetry - 0.787500,0.000000,0.079793,-4.801147,-0.085815,4.859863
215262ms INFO telemetry - 0.787500,0.000000,0.099365,-4.765015,-0.106893,4.820719
215274ms INFO telemetry - 0.787500,0.000000,0.120443,-4.724365,-0.106893,4.820719
215297ms INFO telemetry - 0.787500,0.000000,0.143026,-4.676188,-0.159587,4.721354
215320ms INFO telemetry - 0.787500,0.000000,0.167114,-4.623494,-0.186686,4.665649
215338ms INFO telemetry - 0.787500,0.000000,0.194214,-4.564779,-0.215291,4.602417
215361ms INFO telemetry - 0.787500,0.000000,0.219808,-4.503052,-0.239380,4.542196
215379ms INFO telemetry - 0.787500,0.000000,0.246908,-4.439819,-0.261963,4.475952
215399ms INFO telemetry - 0.787500,0.000000,0.269491,-4.373576,-0.283040,4.406698
215422ms INFO telemetry - 0.787500,0.000000,0.290568,-4.304321,-0.302612,4.334432
215434ms INFO telemetry - 0.787500,0.000000,0.307129,-4.236572,-0.302612,4.334432
215461ms INFO telemetry - 0.787500,0.000000,0.319173,-4.164307,-0.335734,4.182373
215479ms INFO telemetry - 0.787500,0.000000,0.331217,-4.092041,-0.352295,4.099569
215498ms INFO telemetry - 0.787500,0.000000,0.340251,-4.016764,-0.367350,4.012248
215523ms INFO telemetry - 0.787500,0.000000,0.352295,-3.929443,-0.385417,3.918905
215536ms INFO telemetry - 0.787500,0.000000,0.367350,-3.834595,-0.385417,3.918905
215557ms INFO telemetry - 0.787500,0.000000,0.388428,-3.736735,-0.420044,3.736735
215578ms INFO telemetry - 0.787500,0.000000,0.412516,-3.638875,-0.435099,3.641886
215599ms INFO telemetry - 0.787500,0.000000,0.438110,-3.539510,-0.447144,3.548543
215618ms INFO telemetry - 0.787500,0.000000,0.460693,-3.441650,-0.456177,3.453695
215639ms INFO telemetry - 0.787500,0.000000,0.477254,-3.345296,-0.463704,3.354329
215668ms INFO telemetry - 0.787500,0.000000,0.484782,-3.251953,-0.471232,3.250448
215677ms INFO telemetry - 0.787500,0.000000,0.486287,-3.151082,-0.471232,3.250448
215699ms INFO telemetry - 0.787500,0.000000,0.486287,-3.044189,-0.492310,3.038167
215718ms INFO telemetry - 0.787500,0.000000,0.490804,-2.935791,-0.504354,2.928263
215738ms INFO telemetry - 0.787500,0.000000,0.498332,-2.833415,-0.516398,2.818359
215758ms INFO telemetry - 0.787500,0.000000,0.507365,-2.729533,-0.526937,2.712972
215780ms INFO telemetry - 0.787500,0.000000,0.516398,-2.630168,-0.534465,2.603068
215799ms INFO telemetry - 0.787500,0.000000,0.519409,-2.530802,-0.538981,2.488647
215814ms INFO telemetry - 0.787500,0.000000,0.517904,-2.420898,-0.538981,2.488647
215839ms INFO telemetry - 0.787500,0.000000,0.516398,-2.303467,-0.551025,2.258301
215860ms INFO telemetry - 0.787500,0.000000,0.522420,-2.178507,-0.558553,2.140869
215880ms INFO telemetry - 0.793750,0.000000,0.538981,-2.053548,-0.566081,2.024943
215901ms INFO telemetry - 0.793750,0.000000,0.560059,-1.934611,-0.572103,1.912028
215920ms INFO telemetry - 0.793750,0.000000,0.581136,-1.818685,-0.576619,1.790080
215940ms INFO telemetry - 0.793750,0.000000,0.594686,-1.705770,-0.579631,1.668132
215960ms INFO telemetry - 0.793750,0.000000,0.597697,-1.586833,-0.584147,1.544678
215979ms INFO telemetry - 0.793750,0.000000,0.594686,-1.461873,-0.591675,1.421224
216000ms INFO telemetry - 0.793750,0.000000,0.591675,-1.341431,-0.599202,1.299276
216021ms INFO telemetry - 0.793750,-0.115172,0.591675,-1.223999,-0.605225,1.178833
216040ms INFO telemetry - 0.793750,-0.127969,0.593180,-1.111084,-0.609741,1.055379
216061ms INFO telemetry - 0.793750,-0.166359,0.593180,-0.999674,-0.612752,0.925903
216081ms INFO telemetry - 0.793750,-0.213281,0.590169,-0.880737,-0.615763,0.794922
216101ms INFO telemetry - 0.793750,-0.230344,0.587158,-0.746745,-0.620280,0.668457
216121ms INFO telemetry - 0.793750,-0.234609,0.591675,-0.609741,-0.627808,0.538981
216139ms INFO telemetry - 0.793750,-0.234609,0.603719,-0.475749,-0.633830,0.412516
216158ms INFO telemetry - 0.793750,-0.234609,0.621785,-0.349284,-0.636841,0.289063
216182ms INFO telemetry - 0.793750,-0.234609,0.638346,-0.228841,-0.638346,0.158081
216199ms INFO telemetry - 0.793750,0.000000,0.645874,-0.106893,-0.638346,0.024089
216219ms INFO telemetry - 0.793750,0.000000,0.644368,0.024089,-0.639852,-0.108398
216237ms INFO telemetry - 0.793750,0.000000,0.638346,0.155070,-0.644368,-0.239380
216257ms INFO telemetry - 0.793750,0.000000,0.632324,0.281535,-0.644368,-0.365845
216280ms INFO telemetry - 0.793750,0.000000,0.630819,0.403483,-0.651896,-0.496826
216297ms INFO telemetry - 0.793750,0.000000,0.630819,0.520915,-0.654907,-0.633830
216318ms INFO telemetry - 0.793750,0.000000,0.627808,0.645874,-0.656413,-0.767822
216340ms INFO telemetry - 0.793750,0.000000,0.626302,0.785889,-0.657918,-0.906331
216360ms INFO telemetry - 0.793750,0.000000,0.629313,0.931925,-0.662435,-1.038818
216379ms INFO telemetry - 0.793750,0.000000,0.639852,1.073446,-0.666951,-1.168294
216394ms INFO telemetry - 0.793750,0.000000,0.657918,1.207438,-0.666951,-1.168294
216419ms INFO telemetry - 0.793750,0.000000,0.674479,1.335409,-0.671468,-1.442301
216441ms INFO telemetry - 0.793750,0.000000,0.683512,1.467896,-0.671468,-1.577799
216459ms INFO telemetry - 0.793750,0.000000,0.685018,1.607910,-0.672974,-1.716309
216474ms INFO telemetry - 0.793750,0.000000,0.678996,1.744914,-0.672974,-1.716309
216498ms INFO telemetry - 0.793750,0.000000,0.674479,1.875895,-0.678996,-1.984294
216520ms INFO telemetry - 0.793750,0.000000,0.669963,2.002360,-0.680501,-2.125814
216539ms INFO telemetry - 0.793750,0.000000,0.665446,2.125814,-0.680501,-2.267334
216554ms INFO telemetry - 0.793750,0.000000,0.660929,2.264323,-0.683512,-2.267334
216583ms INFO telemetry - 0.793750,0.000000,0.659424,2.416382,-0.688029,-2.545858
216600ms INFO telemetry - 0.793750,0.000000,0.665446,2.565430,-0.691040,-2.679850
216618ms INFO telemetry - 0.793750,0.000000,0.678996,2.706950,-0.692546,-2.819865
216640ms INFO telemetry - 0.793750,0.000000,0.694051,2.840942,-0.692546,-2.962891
216659ms INFO telemetry - 0.793750,0.000000,0.706095,2.974935,-0.694051,-3.101400
216679ms INFO telemetry - 0.793750,0.000000,0.709106,3.116455,-0.694051,-3.242920
216700ms INFO telemetry - 0.793750,0.000000,0.704590,3.257975,-0.695557,-3.379924
216718ms INFO telemetry - 0.793750,0.000000,0.697062,3.391968,-0.697062,-3.516927
216740ms INFO telemetry - 0.793750,0.000000,0.688029,3.519938,-0.697062,-3.658447
216759ms INFO telemetry - 0.793750,0.000000,0.682007,3.650920,-0.698568,-3.807495
216780ms INFO telemetry - 0.793750,0.000000,0.677490,3.793945,-0.700073,-3.952026
216799ms INFO telemetry - 0.793750,0.000000,0.678996,3.950521,-0.706095,-4.095052
216821ms INFO telemetry - 0.793750,0.000000,0.686523,4.104085,-0.712118,-4.236572
216838ms INFO telemetry - 0.793750,0.000000,0.701579,4.250122,-0.715129,-4.379598
216860ms INFO telemetry - 0.793750,0.000000,0.718140,4.388631,-0.718140,-4.524129
216879ms INFO telemetry - 0.793750,0.000000,0.728678,4.525635,-0.718140,-4.670166
216900ms INFO telemetry - 0.793750,0.000000,0.731689,4.671672,-0.716634,-4.816203
216919ms INFO telemetry - 0.793750,0.000000,0.727173,4.817708,-0.718140,-4.954712
216939ms INFO telemetry - 0.793750,0.000000,0.718140,4.957723,-0.718140,-5.094727
216959ms INFO telemetry - 0.793750,0.000000,0.710612,5.088704,-0.718140,-5.242269
216982ms INFO telemetry - 0.793750,0.000000,0.703084,5.218180,-0.716634,-5.386800
217002ms INFO telemetry - 0.793750,0.000000,0.695557,5.361206,-0.715129,-5.528320
217023ms INFO telemetry - 0.793750,0.000000,0.692546,5.519287,-0.715129,-5.672852
217042ms INFO telemetry - 0.793750,0.000000,0.695557,5.669840,-0.713623,-5.809855
217055ms INFO telemetry - 0.793750,0.000000,0.704590,5.812866,-0.713623,-5.809855
217080ms INFO telemetry - 0.793750,0.000000,0.716634,5.951375,-0.713623,-6.104940
217094ms INFO telemetry - 0.793750,0.000000,0.727173,6.094401,-0.713623,-6.104940
217120ms INFO telemetry - 0.793750,0.000000,0.730184,6.244954,-0.719645,-6.398519
217141ms INFO telemetry - 0.793750,0.000000,0.728678,6.390991,-0.724162,-6.540039
217161ms INFO telemetry - 0.793750,0.000000,0.722656,6.526489,-0.727173,-6.684570
217182ms INFO telemetry - 0.793750,0.000000,0.716634,6.657471,-0.728678,-6.833618
217200ms INFO telemetry - 0.793750,0.000000,0.709106,6.789958,-0.727173,-6.976644
217219ms INFO telemetry - 0.793750,0.000000,0.701579,6.943522,-0.725667,-7.122681
217240ms INFO telemetry - 0.793750,0.000000,0.700073,7.100098,-0.724162,-7.264201
217261ms INFO telemetry - 0.793750,0.000000,0.706095,7.255168,-0.722656,-7.408732
217280ms INFO telemetry - 0.793750,0.000000,0.718140,7.402710,-0.724162,-7.557780
217300ms INFO telemetry - 0.793750,0.000000,0.733195,7.541219,-0.725667,-7.708333
217315ms INFO telemetry - 0.793750,0.000000,0.743734,7.690267,-0.725667,-7.708333
217340ms INFO telemetry - 0.793750,0.000000,0.746745,7.843831,-0.733195,-8.003418
217362ms INFO telemetry - 0.793750,0.000000,0.743734,7.986857,-0.736206,-8.146444
217374ms INFO telemetry - 0.793750,0.000000,0.734701,8.120850,-0.736206,-8.146444
217401ms INFO telemetry - 0.793750,0.000000,0.725667,8.253337,-0.736206,-8.446045
217418ms INFO telemetry - 0.793750,0.000000,0.716634,8.394857,-0.736206,-8.593587
217438ms INFO telemetry - 0.793750,0.000000,0.709106,8.552938,-0.736206,-8.741130
217459ms INFO telemetry - 0.793750,0.000000,0.710612,8.711019,-0.734701,-8.882650
217474ms INFO telemetry - 0.793750,0.000000,0.718140,8.861572,-0.734701,-8.882650
217502ms INFO telemetry - 0.793750,0.000000,0.730184,9.004598,-0.734701,-9.182251
217514ms INFO telemetry - 0.793750,0.000000,0.742228,9.149129,-0.734701,-9.182251
217544ms INFO telemetry - 0.793750,0.000000,0.748250,9.302694,-0.736206,-9.481852
217556ms INFO telemetry - 0.793750,0.000000,0.748250,9.450236,-0.736206,-9.481852
217580ms INFO telemetry - 0.793750,0.000000,0.743734,9.594767,-0.742228,-9.776937
217602ms INFO telemetry - 0.793750,0.000000,0.736206,9.730265,-0.745239,-9.928996
217615ms INFO telemetry - 0.793750,0.000000,0.730184,9.867269,-0.745239,-9.928996
217640ms INFO telemetry - 0.793750,0.000000,0.722656,10.019328,-0.746745,-10.225586
217661ms INFO telemetry - 0.793750,0.000000,0.721151,10.181925,-0.743734,-10.368612
217681ms INFO telemetry - 0.793750,0.000000,0.724162,10.335490,-0.740723,-10.513143
217703ms INFO telemetry - 0.793750,0.000000,0.733195,10.483032,-0.737712,-10.663696
217725ms INFO telemetry - 0.793750,0.000000,0.743734,10.623047,-0.734701,-10.811239
217743ms INFO telemetry - 0.793750,0.000000,0.749756,10.772095,-0.733195,-10.961792
217757ms INFO telemetry - 0.793750,0.000000,0.751261,10.927165,-0.733195,-11.109334
217781ms INFO telemetry - 0.793750,0.000000,0.748250,11.074707,-0.737712,-11.255371
217803ms INFO telemetry - 0.793750,0.000000,0.742228,11.213216,-0.740723,-11.411947
217825ms INFO telemetry - 0.793750,0.000000,0.736206,11.348714,-0.745239,-11.560994
217847ms INFO telemetry - 0.793750,0.000000,0.728678,11.496257,-0.746745,-11.710042
217859ms INFO telemetry - 0.793750,0.000000,0.725667,11.657349,-0.748250,-11.859090
217881ms INFO telemetry - 0.793750,0.000000,0.728678,11.815430,-0.748250,-12.002116
217903ms INFO telemetry - 0.793750,0.000000,0.736206,11.968994,-0.746745,-12.152669
217925ms INFO telemetry - 0.793750,0.000000,0.746745,12.113525,-0.745239,-12.306234
217946ms INFO telemetry - 0.793750,0.000000,0.755778,12.258057,-0.743734,-12.458293
217962ms INFO telemetry - 0.793750,0.000000,0.760295,12.413127,-0.745239,-12.610352
217975ms INFO telemetry - 0.793750,0.000000,0.758789,12.566691,-0.745239,-12.610352
218004ms INFO telemetry - 0.793750,0.000000,0.752767,12.708211,-0.751261,-12.909953
218016ms INFO telemetry - 0.793750,0.000000,0.743734,12.845215,-0.751261,-12.909953
218038ms INFO telemetry - 0.793750,0.000000,0.736206,12.989746,-0.757284,-13.215576
218058ms INFO telemetry - 0.793750,0.000000,0.731689,13.149333,-0.757284,-13.366130
218079ms INFO telemetry - 0.793750,0.000000,0.733195,13.310425,-0.755778,-13.510661
218099ms INFO telemetry - 0.793750,0.000000,0.739217,13.465495,-0.754272,-13.659709
218121ms INFO telemetry - 0.793750,0.000000,0.749756,13.611532,-0.751261,-13.813273
218139ms INFO telemetry - 0.793750,0.000000,0.758789,13.754557,-0.749756,-13.963826
218160ms INFO telemetry - 0.793750,0.000000,0.763306,13.906616,-0.748250,-14.115885
218180ms INFO telemetry - 0.793750,0.000000,0.760295,14.058675,-0.748250,-14.260417
218202ms INFO telemetry - 0.793750,0.000000,0.751261,14.201701,-0.749756,-14.410970
218224ms INFO telemetry - 0.793750,0.000000,0.740723,14.340210,-0.749756,-14.566040
218238ms INFO telemetry - 0.793750,0.000000,0.733195,14.481730,-0.751261,-14.715088
218259ms INFO telemetry - 0.793750,0.000000,0.728678,14.635295,-0.751261,-14.868652