171871ms INFO telemetry - 0.198573,0.000000,0.000000,-4.427775,0.000000,5.060099
171891ms INFO telemetry - 0.953125,0.000000,0.000000,-4.427775,0.000000,5.060099
171910ms INFO telemetry - 0.953125,0.000000,0.000000,-4.427775,0.000000,5.060099
171931ms INFO telemetry - 1.000000,0.000000,0.752767,-4.403687,-1.204427,5.045044
171951ms INFO telemetry - 1.000000,0.000000,0.752767,-4.390137,-0.451660,5.033000
171970ms INFO telemetry - 1.000000,0.000000,0.752767,-4.390137,-0.903320,5.013428
171990ms INFO telemetry - 1.000000,0.000000,1.354980,-4.367554,-1.204427,4.989339
172010ms INFO telemetry - 1.000000,0.000000,1.354980,-4.340454,-1.505534,4.960734
172030ms INFO telemetry - 1.000000,0.000000,1.806641,-4.305827,-1.957194,4.923096
172058ms INFO telemetry - 1.000000,0.000000,2.559408,-4.212484,-2.559408,4.826742
172070ms INFO telemetry - 1.000000,0.000000,2.559408,-4.155273,-2.559408,4.826742
172090ms INFO telemetry - 1.000000,0.000000,3.161621,-4.093547,-3.161621,4.763509
172110ms INFO telemetry - 1.000000,0.000000,3.462728,-4.024292,-3.613281,4.694255
172130ms INFO telemetry - 1.000000,0.000000,3.462728,-4.024292,-3.763835,4.617472
172150ms INFO telemetry - 1.000000,0.000000,3.613281,-3.950521,-4.064941,4.539185
172171ms INFO telemetry - 1.000000,0.000000,3.763835,-3.873739,-4.366048,4.450358
172191ms INFO telemetry - 1.000000,0.000000,4.064941,-3.792440,-4.817708,4.355509
172211ms INFO telemetry - 1.000000,0.000000,4.516602,-3.703613,-4.968262,4.256144
172230ms INFO telemetry - 1.000000,0.000000,5.269368,-3.602743,-5.269368,4.153768
172251ms INFO telemetry - 1.000000,0.000000,6.022135,-3.360352,-5.570475,4.040853
172271ms INFO telemetry - 1.000000,0.000000,6.323242,-3.360352,-5.871582,3.921916
172297ms INFO telemetry - 1.000000,0.000000,6.022135,-3.110433,-6.323242,3.675008
172314ms INFO telemetry - 1.000000,0.000000,5.871582,-2.991496,-6.323242,3.675008
172344ms INFO telemetry - 1.000000,0.000000,6.323242,-2.868042,-6.172689,3.422078
172360ms INFO telemetry - 1.000000,0.000000,7.076009,-2.728027,-7.076009,3.283569
172371ms INFO telemetry - 1.000000,0.000000,7.076009,-2.728027,-7.076009,3.283569
172390ms INFO telemetry - 1.000000,0.000000,7.076009,-2.581991,-7.226563,3.137533
172410ms INFO telemetry - 1.000000,0.000000,6.774902,-2.443481,-7.377116,2.991496
172430ms INFO telemetry - 1.000000,0.000000,6.473796,-2.307983,-7.527669,2.839437
172450ms INFO telemetry - 1.000000,0.000000,6.774902,-2.170980,-7.527669,2.687378
172475ms INFO telemetry - 1.000000,0.000000,8.581543,-1.841268,-8.129883,2.369710
172501ms INFO telemetry - 1.000000,0.000000,8.581543,-1.669637,-8.129883,2.207113
172511ms INFO telemetry - 1.000000,0.000000,8.581543,-1.507039,-8.129883,2.207113
172530ms INFO telemetry - 1.000000,0.000000,7.979329,-1.507039,-7.828776,2.046021
172557ms INFO telemetry - 1.000000,0.000000,8.732096,-1.180339,-8.581543,1.717814
172570ms INFO telemetry - 1.000000,0.000000,8.732096,-1.180339,-8.581543,1.717814
172590ms INFO telemetry - 1.000000,0.000000,8.430990,-1.008708,-8.882650,1.541667
172610ms INFO telemetry - 1.000000,0.000000,8.129883,-0.841593,-8.882650,1.364014
172630ms INFO telemetry - 1.000000,0.000000,7.828776,-0.683512,-8.732096,1.184855
172650ms INFO telemetry - 1.000000,0.000000,9.033203,-0.508870,-9.033203,1.005697
172670ms INFO telemetry - 1.000000,0.000000,10.237630,-0.308634,-9.484863,0.817505
172690ms INFO telemetry - 1.000000,0.000000,9.635417,-0.111410,-9.183757,0.632324
172710ms INFO telemetry - 1.000000,0.000000,9.033203,0.073771,-9.033203,0.445638
172730ms INFO telemetry - 1.000000,0.000000,9.785970,0.453166,-9.183757,0.263468
172752ms INFO telemetry - 1.000000,0.000000,9.183757,0.641357,-9.785970,0.067749
172771ms INFO telemetry - 1.000000,0.000000,9.183757,0.641357,-9.785970,-0.129476
172790ms INFO telemetry - 1.000000,0.000000,8.581543,0.817505,-9.635417,-0.325195
172810ms INFO telemetry - 1.000000,0.000000,9.484863,0.999674,-9.635417,-0.516398
172829ms INFO telemetry - 1.000000,0.000000,10.990397,1.213460,-10.087077,-0.718140
172850ms INFO telemetry - 1.000000,0.000000,10.538737,1.425741,-10.087077,-0.919881
172872ms INFO telemetry - 1.000000,0.000000,10.237630,1.823201,-9.785970,-1.118612
172890ms INFO telemetry - 1.000000,0.000000,10.237630,1.823201,-10.237630,-1.320353
172910ms INFO telemetry - 1.000000,0.000000,10.388184,2.035482,-10.689290,-1.532633
172930ms INFO telemetry - 1.000000,0.000000,9.936523,2.234212,-10.388184,-1.741903
172950ms INFO telemetry - 1.000000,0.000000,9.183757,2.420898,-10.087077,-1.948161
172971ms INFO telemetry - 1.000000,0.000000,11.291504,2.859009,-10.689290,-2.160441
172990ms INFO telemetry - 1.000000,0.000000,11.291504,2.859009,-10.388184,-2.374227
173010ms INFO telemetry - 1.000000,0.000000,10.689290,3.075806,-10.538737,-2.588013
173030ms INFO telemetry - 1.000000,0.000000,10.087077,3.280558,-10.087077,-2.792765
173051ms INFO telemetry - 1.000000,0.000000,10.990397,3.500366,-10.990397,-3.011068
173076ms INFO telemetry - 1.000000,0.000000,9.635417,3.911377,-11.140951,-3.232381
173094ms INFO telemetry - 1.000000,0.000000,11.140951,4.122152,-10.538737,-3.447673
173118ms INFO telemetry - 1.000000,0.000000,12.345378,4.364543,-10.839844,-3.890299
173130ms INFO telemetry - 1.000000,0.000000,12.345378,4.364543,-10.839844,-3.890299
173150ms INFO telemetry - 1.000000,0.000000,10.990397,4.591878,-11.140951,-4.113118
173171ms INFO telemetry - 1.000000,0.000000,11.592611,5.036011,-10.388184,-4.326904
173190ms INFO telemetry - 1.000000,0.000000,11.592611,5.036011,-11.442057,-4.555745
173210ms INFO telemetry - 1.000000,0.000000,10.689290,5.255819,-11.291504,-4.781576
173230ms INFO telemetry - 1.000000,0.000000,9.785970,5.459066,-10.538737,-4.999878
173251ms INFO telemetry - 1.000000,0.000000,12.194824,5.919759,-11.140951,-5.224202
173271ms INFO telemetry - 1.000000,0.000000,11.442057,6.150106,-10.538737,-5.447021
173292ms INFO telemetry - 1.000000,0.000000,10.388184,6.360881,-10.538737,-5.662313
173311ms INFO telemetry - 1.000000,0.000000,10.388184,6.583700,-10.087077,-5.864054
173339ms INFO telemetry - 1.000000,0.000000,10.538737,6.800496,-10.990397,-6.293132
173361ms INFO telemetry - 1.000000,0.000000,9.936523,6.999227,-10.538737,-6.503906
173382ms INFO telemetry - 1.000000,0.000000,10.990397,7.213013,-10.538737,-6.711670
173394ms INFO telemetry - 1.000000,0.000000,12.194824,7.458415,-10.538737,-6.711670
173413ms INFO telemetry - 1.000000,0.000000,11.291504,7.690267,-10.689290,-6.928467
173430ms INFO telemetry - 1.000000,0.000000,11.291504,7.690267,-11.140951,-7.146769
173451ms INFO telemetry - 1.000000,0.000000,10.538737,7.904053,-10.087077,-7.353027
173471ms INFO telemetry - 1.000000,0.000000,11.743164,8.352702,-10.990397,-7.574341
173491ms INFO telemetry - 1.000000,0.000000,9.936523,8.552938,-10.839844,-7.798665