228131ms INFO telemetry - 1.000000,0.000000,0.000000,-4.019775,0.000000,4.789103
228156ms INFO telemetry - 1.000000,0.000000,0.000000,-4.019775,-0.150553,4.787598
228173ms INFO telemetry - 1.000000,0.000000,0.602214,-3.995687,-0.150553,4.787598
228191ms INFO telemetry - 1.000000,0.000000,0.752767,-3.983643,-1.053874,4.760498
228210ms INFO telemetry - 1.000000,0.000000,1.053874,-3.964071,-0.752767,4.746948
228231ms INFO telemetry - 1.000000,0.000000,1.354980,-3.938477,-1.354980,4.722860
228250ms INFO telemetry - 1.000000,0.000000,1.354980,-3.938477,-1.505534,4.692749
228270ms INFO telemetry - 1.000000,0.000000,1.957194,-3.870728,-1.806641,4.658122
228291ms INFO telemetry - 1.000000,0.000000,2.258301,-3.827067,-2.258301,4.612956
228311ms INFO telemetry - 1.000000,0.000000,2.408854,-3.780396,-2.559408,4.563273
228331ms INFO telemetry - 1.000000,0.000000,2.860514,-3.723185,-3.011068,4.506063
228351ms INFO telemetry - 1.000000,0.000000,2.860514,-3.656942,-3.312174,4.438314
228371ms INFO telemetry - 1.000000,0.000000,4.064941,-3.578654,-3.763835,4.364543
228391ms INFO telemetry - 1.000000,0.000000,4.667155,-3.486816,-3.914388,4.286255
228411ms INFO telemetry - 1.000000,0.000000,4.667155,-3.387451,-4.215495,4.201945
228442ms INFO telemetry - 1.000000,0.000000,5.269368,-3.283569,-5.118815,4.012248
228451ms INFO telemetry - 1.000000,0.000000,5.419922,-3.175171,-5.118815,4.012248
228473ms INFO telemetry - 1.000000,0.000000,5.269368,-3.068278,-5.269368,3.905355
228491ms INFO telemetry - 1.000000,0.000000,5.269368,-2.959880,-5.570475,3.792440
228511ms INFO telemetry - 1.000000,0.000000,5.871582,-2.845459,-6.022135,3.675008
228531ms INFO telemetry - 1.000000,0.000000,6.473796,-2.717489,-5.721029,3.557576
228551ms INFO telemetry - 1.000000,0.000000,6.473796,-2.586507,-5.871582,3.437134
228571ms INFO telemetry - 1.000000,0.000000,6.323242,-2.458537,-6.473796,3.310669
228590ms INFO telemetry - 1.000000,0.000000,6.323242,-2.330566,-6.925456,3.172160
228611ms INFO telemetry - 1.000000,0.000000,6.323242,-2.204102,-6.624349,3.032145
228636ms INFO telemetry - 1.000000,0.000000,7.377116,-2.064087,-7.076009,2.741577
228655ms INFO telemetry - 1.000000,0.000000,8.129883,-1.904500,-7.226563,2.595540
228673ms INFO telemetry - 1.000000,0.000000,7.979329,-1.741903,-7.226563,2.595540
228691ms INFO telemetry - 1.000000,0.000000,7.828776,-1.582316,-7.828776,2.438965
228711ms INFO telemetry - 1.000000,0.000000,7.377116,-1.430257,-7.979329,2.280884
228731ms INFO telemetry - 1.000000,0.000000,8.129883,-1.272176,-7.979329,2.122803
228751ms INFO telemetry - 1.000000,0.000000,8.129883,-1.272176,-7.828776,1.963216
228770ms INFO telemetry - 1.000000,0.000000,8.581543,-1.099040,-8.129883,1.802124
228799ms INFO telemetry - 1.000000,0.000000,7.678223,-0.775350,-8.732096,1.455851
228819ms INFO telemetry - 1.000000,0.000000,7.828776,-0.618774,-8.732096,1.281209
228831ms INFO telemetry - 1.000000,0.000000,7.828776,-0.435099,-8.732096,1.281209
228851ms INFO telemetry - 1.000000,0.000000,9.484863,-0.237874,-8.581543,1.106567
228871ms INFO telemetry - 1.000000,0.000000,9.334310,-0.048177,-9.183757,0.924398
228891ms INFO telemetry - 1.000000,0.000000,8.581543,0.127970,-9.033203,0.739217
228912ms INFO telemetry - 1.000000,0.000000,8.581543,0.313151,-9.334310,0.551025
228931ms INFO telemetry - 1.000000,0.000000,9.484863,0.505859,-8.882650,0.371867
228950ms INFO telemetry - 1.000000,0.000000,9.484863,0.505859,-9.484863,0.183675
228971ms INFO telemetry - 1.000000,0.000000,8.430990,0.861165,-9.635417,-0.012044
228991ms INFO telemetry - 1.000000,0.000000,9.936523,1.050863,-9.635417,-0.206258
229020ms INFO telemetry - 1.000000,0.000000,10.839844,1.264648,-10.087077,-0.596191
229037ms INFO telemetry - 1.000000,0.000000,10.087077,1.472412,-9.936523,-0.797933
229055ms INFO telemetry - 1.000000,0.000000,9.334310,1.665120,-9.936523,-1.001180
229072ms INFO telemetry - 1.000000,0.000000,10.388184,1.866862,-10.237630,-1.001180
229092ms INFO telemetry - 1.000000,0.000000,10.237630,2.074626,-9.635417,-1.195394
229111ms INFO telemetry - 1.000000,0.000000,10.237630,2.271851,-10.388184,-1.401652
229132ms INFO telemetry - 1.000000,0.000000,9.484863,2.458537,-10.237630,-1.612427
229151ms INFO telemetry - 1.000000,0.000000,9.484863,2.458537,-10.388184,-1.821696
229170ms INFO telemetry - 1.000000,0.000000,11.291504,2.675334,-10.087077,-2.027954
229191ms INFO telemetry - 1.000000,0.000000,10.388184,3.114950,-10.990397,-2.244751
229210ms INFO telemetry - 1.000000,0.000000,10.388184,3.319702,-10.689290,-2.457031
229231ms INFO telemetry - 1.000000,0.000000,10.990397,3.541016,-10.237630,-2.667806
229251ms INFO telemetry - 1.000000,0.000000,10.990397,3.750285,-10.689290,-2.878581
229271ms INFO telemetry - 1.000000,0.000000,10.237630,3.750285,-10.839844,-3.099894
229291ms INFO telemetry - 1.000000,0.000000,9.635417,3.947510,-11.140951,-3.321208
229310ms INFO telemetry - 1.000000,0.000000,11.592611,4.168823,-10.538737,-3.534993
229331ms INFO telemetry - 1.000000,0.000000,10.990397,4.632528,-11.291504,-3.759318
229351ms INFO telemetry - 1.000000,0.000000,10.990397,4.632528,-11.140951,-3.983643
229379ms INFO telemetry - 1.000000,0.000000,11.592611,5.075155,-11.291504,-4.421753
229397ms INFO telemetry - 1.000000,0.000000,10.689290,5.293457,-11.140951,-4.646077
229416ms INFO telemetry - 1.000000,0.000000,9.936523,5.495199,-11.291504,-4.876424
229437ms INFO telemetry - 1.000000,0.000000,11.743164,5.722534,-10.839844,-5.097738
229457ms INFO telemetry - 1.000000,0.000000,12.194824,5.969442,-11.893717,-5.329590
229473ms INFO telemetry - 1.000000,0.000000,11.140951,6.198283,-11.893717,-5.329590
229491ms INFO telemetry - 1.000000,0.000000,11.140951,6.418091,-11.291504,-5.555420
229511ms INFO telemetry - 1.000000,0.000000,11.743164,6.654460,-10.839844,-5.776733
229531ms INFO telemetry - 1.000000,0.000000,10.689290,6.874268,-11.291504,-6.002563
229550ms INFO telemetry - 1.000000,0.000000,10.689290,7.079020,-11.442057,-6.234416
229571ms INFO telemetry - 1.000000,0.000000,12.495931,7.321411,-11.291504,-6.464762
229591ms INFO telemetry - 1.000000,0.000000,12.345378,7.571330,-11.442057,-6.693604
229611ms INFO telemetry - 1.000000,0.000000,11.140951,7.800171,-11.743164,-6.931478
229631ms INFO telemetry - 1.000000,0.000000,11.893717,8.032023,-11.442057,-7.164836
229651ms INFO telemetry - 1.000000,0.000000,11.743164,8.274414,-11.140951,-7.390666
229671ms INFO telemetry - 1.000000,0.000000,11.743164,8.495728,-12.044271,-7.631551
229692ms INFO telemetry - 1.000000,0.000000,10.839844,8.720052,-11.893717,-7.872437
229710ms INFO telemetry - 1.000000,0.000000,11.592611,8.720052,-11.592611,-8.107300
229731ms INFO telemetry - 1.000000,0.000000,12.947591,9.224406,-12.495931,-8.349691
229750ms INFO telemetry - 1.000000,0.000000,11.893717,9.224406,-11.893717,-8.592082
229771ms INFO telemetry - 1.000000,0.000000,12.345378,9.697144,-11.291504,-8.823934
229791ms INFO telemetry - 1.000000,0.000000,11.291504,9.927490,-11.592611,-9.057292
229811ms INFO telemetry - 1.000000,0.000000,11.291504,9.927490,-12.044271,-9.301188
229832ms INFO telemetry - 1.000000,0.000000,12.947591,10.391195,-11.743164,-9.539063
229850ms INFO telemetry - 1.000000,0.000000,12.947591,10.391195,-11.743164,-9.772420
229870ms INFO telemetry - 1.000000,0.000000,12.797038,10.651652,-12.345378,-10.022339
229890ms INFO telemetry - 1.000000,0.000000,12.495931,11.131917,-12.044271,-10.261719
229911ms INFO telemetry - 1.000000,0.000000,12.495931,11.131917,-11.592611,-10.496582
229931ms INFO telemetry - 1.000000,0.000000,12.044271,11.603149,-12.495931,-10.741984
229952ms INFO telemetry - 1.000000,0.000000,12.345378,11.838013,-12.495931,-10.988892
229971ms INFO telemetry - 1.000000,0.000000,12.345378,12.102987,-11.893717,-11.229777
229991ms INFO telemetry - 1.000000,0.000000,12.345378,12.352905,-12.947591,-11.479696
230010ms INFO telemetry - 1.000000,0.000000,12.345378,12.352905,-12.194824,-11.725098
230040ms INFO telemetry - 1.000000,0.000000,12.495931,12.840698,-12.495931,-12.208374
230050ms INFO telemetry - 1.000000,0.000000,12.495931,12.840698,-12.495931,-12.208374
230070ms INFO telemetry - 1.000000,0.000000,11.291504,13.296875,-12.194824,-12.455282
230090ms INFO telemetry - 1.000000,0.000000,13.399251,13.564860,-12.194824,-12.703695