360329ms INFO telemetry - 0.000000,-0.137141,0.000000,-40.786418,0.000000,-35.333374
360349ms INFO telemetry - 0.000000,-0.137141,0.000000,-40.786418,0.000000,-35.333374
360369ms INFO telemetry - 0.000000,-0.137141,0.000000,-40.786418,0.000000,-35.333374
360390ms INFO telemetry - 0.000000,-1.012598,0.000000,-40.786418,0.000000,-35.333374
360409ms INFO telemetry - 0.000000,-1.012598,0.000000,-40.786418,0.000000,-35.333374
360430ms INFO telemetry - 0.000000,-1.012598,-0.903320,-40.812012,-1.204427,-35.346924
360449ms INFO telemetry - 0.000000,-1.012598,-0.451660,-40.824056,-0.451660,-35.371012
360470ms INFO telemetry - 0.000000,-1.012598,-0.752767,-40.839111,-0.752767,-35.381551
360489ms INFO telemetry - 0.000000,-1.012598,-0.752767,-40.839111,-0.903320,-35.401123
360509ms INFO telemetry - 0.000000,-1.012598,-1.354980,-40.887288,-1.053874,-35.422201
360530ms INFO telemetry - 0.000000,-1.012598,-1.656087,-40.918905,-1.656087,-35.455322
360550ms INFO telemetry - 0.000000,-1.012598,-1.806641,-40.955037,-1.806641,-35.489950
360570ms INFO telemetry - 0.000000,-1.012598,-1.957194,-40.995687,-2.107747,-35.532104
360590ms INFO telemetry - 0.000000,-1.012598,-2.559408,-41.040853,-2.408854,-35.580282
360609ms INFO telemetry - 0.000000,-1.012598,-2.559408,-41.040853,-2.709961,-35.635986
360630ms INFO telemetry - 0.000000,-1.012598,-2.559408,-41.138713,-3.011068,-35.694702
360650ms INFO telemetry - 0.000000,-1.012598,-2.559408,-41.194417,-3.312174,-35.762451
360669ms INFO telemetry - 0.000000,-1.012598,-2.709961,-41.194417,-3.763835,-35.834717
360689ms INFO telemetry - 0.000000,-1.012598,-2.860514,-41.250122,-3.613281,-35.903971
360709ms INFO telemetry - 0.000000,-1.012598,-3.312174,-41.382609,-3.613281,-35.979248
360729ms INFO telemetry - 0.000000,-1.012598,-3.914388,-41.459391,-4.064941,-36.060547
360758ms INFO telemetry - 0.000000,-1.012598,-4.215495,-41.539185,-4.667155,-36.238200
360770ms INFO telemetry - 0.000000,-1.012598,-4.215495,-41.634033,-4.667155,-36.238200
360789ms INFO telemetry - 0.000000,-1.012598,-4.817708,-41.634033,-5.118815,-36.345093
360809ms INFO telemetry - 0.000000,-1.012598,-4.968262,-41.731893,-4.968262,-36.447469
360829ms INFO telemetry - 0.000000,-1.012598,-4.817708,-41.834269,-5.269368,-36.546834
360849ms INFO telemetry - 0.000000,-1.012598,-4.516602,-42.019450,-5.570475,-36.656738
360870ms INFO telemetry - 0.000000,-1.012598,-4.968262,-42.126343,-5.419922,-36.765137
360890ms INFO telemetry - 0.000000,-1.012598,-5.419922,-42.240763,-5.570475,-36.876546
360909ms INFO telemetry - 0.000000,-1.012598,-5.871582,-42.240763,-6.022135,-36.993978
360929ms INFO telemetry - 0.000000,-1.012598,-6.323242,-42.492188,-6.172689,-37.117432
360949ms INFO telemetry - 0.000000,-1.012598,-6.323242,-42.492188,-6.022135,-37.243896
360972ms INFO telemetry - 0.000000,-1.012598,-5.118815,-42.721029,-6.323242,-37.364339
360990ms INFO telemetry - 0.000000,-1.012598,-5.419922,-42.826416,-6.022135,-37.487793
361017ms INFO telemetry - 0.000000,-1.012598,-6.022135,-42.942342,-6.624349,-37.740723
361030ms INFO telemetry - 0.000000,-1.012598,-6.323242,-43.068807,-6.624349,-37.740723
361049ms INFO telemetry - 0.000000,-1.012598,-6.925456,-43.205811,-6.925456,-37.876221
361078ms INFO telemetry - 0.000000,-1.012598,-6.774902,-43.344320,-6.925456,-38.159261
361096ms INFO telemetry - 0.000000,-1.012598,-6.473796,-43.473796,-7.076009,-38.293254
361115ms INFO telemetry - 0.000000,-1.012598,-6.774902,-43.607788,-7.076009,-38.434774
361132ms INFO telemetry - 0.000000,-1.012598,-7.527669,-43.756836,-7.076009,-38.434774
361149ms INFO telemetry - 0.000000,-1.012598,-7.527669,-43.913411,-7.678223,-38.595866
361177ms INFO telemetry - 0.000000,-1.012598,-7.979329,-44.077515,-7.678223,-38.892456
361190ms INFO telemetry - 0.000000,-1.012598,-6.925456,-44.222046,-7.678223,-38.892456
361210ms INFO telemetry - 0.000000,-1.012598,-6.774902,-44.359049,-7.226563,-39.044515
361230ms INFO telemetry - 0.000000,-1.012598,-6.774902,-44.500570,-7.076009,-39.187541
361249ms INFO telemetry - 0.000000,-1.012598,-7.226563,-44.500570,-7.678223,-39.336589
361270ms INFO telemetry - 0.000000,-1.012598,-7.828776,-44.819743,-7.678223,-39.485636
361289ms INFO telemetry - 0.000000,-1.012598,-8.280436,-44.819743,-7.979329,-39.652751
361310ms INFO telemetry - 0.000000,-1.012598,-7.527669,-45.128377,-7.979329,-39.804810
361330ms INFO telemetry - 0.000000,-1.012598,-8.581543,-45.296997,-7.678223,-39.967407
361349ms INFO telemetry - 0.000000,-1.012598,-8.581543,-45.296997,-8.129883,-40.131510
361371ms INFO telemetry - 0.000000,-1.012598,-9.183757,-45.659831,-8.430990,-40.292603
361389ms INFO telemetry - 0.000000,-1.012598,-8.732096,-45.814901,-8.129883,-40.456706
361409ms INFO telemetry - 0.000000,-1.012598,-7.377116,-45.814901,-7.828776,-40.625326
361430ms INFO telemetry - 0.000000,-1.012598,-8.280436,-46.134074,-7.828776,-40.781901
361449ms INFO telemetry - 0.000000,-1.012598,-8.280436,-46.134074,-8.581543,-40.952026
361471ms INFO telemetry - 0.000000,-1.012598,-8.430990,-46.484863,-8.430990,-41.120646
361490ms INFO telemetry - 0.000000,-1.012598,-8.430990,-46.648966,-8.430990,-41.280233
361509ms INFO telemetry - 0.000000,-1.012598,-8.280436,-46.648966,-8.280436,-41.447347
361529ms INFO telemetry - 0.000000,-1.012598,-9.334310,-46.832642,-8.581543,-41.617472
361550ms INFO telemetry - 0.000000,-1.012598,-9.334310,-47.222575,-8.581543,-41.793620
361569ms INFO telemetry - 0.000000,-1.012598,-7.979329,-47.386678,-8.430990,-41.965251
361590ms INFO telemetry - 0.000000,-1.012598,-8.430990,-47.552287,-8.430990,-42.147420
361610ms INFO telemetry - 0.000000,-1.012598,-9.334310,-47.737467,-8.581543,-42.316040
361631ms INFO telemetry - 0.000000,-1.012598,-9.635417,-47.931681,-8.882650,-42.483154
361650ms INFO telemetry - 0.000000,-1.012598,-9.635417,-48.112345,-8.732096,-42.668335
361671ms INFO telemetry - 0.000000,-1.012598,-9.484863,-48.297526,-8.882650,-42.845988
361691ms INFO telemetry - 0.000000,-1.012598,-10.237630,-48.502279,-8.581543,-43.013102
361710ms INFO telemetry - 0.000000,-1.012598,-10.237630,-48.502279,-9.183757,-43.196777
361729ms INFO telemetry - 0.000000,-1.012598,-8.581543,-48.889201,-9.334310,-43.384969
361749ms INFO telemetry - 0.000000,-1.012598,-8.581543,-49.060832,-9.183757,-43.568644
361769ms INFO telemetry - 0.000000,-1.012598,-8.581543,-49.060832,-8.882650,-43.750814
361790ms INFO telemetry - 0.000000,-1.012598,-9.484863,-49.452271,-9.484863,-43.945028
361810ms INFO telemetry - 0.000000,-1.012598,-9.183757,-49.640462,-9.334310,-44.131714
361829ms INFO telemetry - 0.000000,-1.012598,-9.183757,-49.640462,-9.334310,-44.321411
361850ms INFO telemetry - 0.000000,-1.012598,-9.936523,-50.043945,-9.183757,-44.499064
361869ms INFO telemetry - 0.000000,-1.012598,-10.538737,-50.259237,-9.334310,-44.684245
361895ms INFO telemetry - 0.000000,-1.012598,-8.882650,-50.444417,-9.635417,-44.888997
361914ms INFO telemetry - 0.000000,-1.012598,-9.183757,-50.625081,-9.334310,-45.256348
361937ms INFO telemetry - 0.000000,-1.012598,-9.785970,-50.819295,-9.785970,-45.455078
361955ms INFO telemetry - 0.000000,-1.012598,-10.237630,-51.025553,-9.936523,-45.647786
361974ms INFO telemetry - 0.000000,-1.012598,-9.334310,-51.218262,-9.936523,-45.845011
361992ms INFO telemetry - 0.000000,-1.012598,-10.237630,-51.416992,-9.936523,-45.845011
362011ms INFO telemetry - 0.000000,-1.012598,-10.990397,-51.636800,-9.334310,-46.037720
362030ms INFO telemetry - 0.000000,-1.012598,-10.538737,-51.855103,-9.936523,-46.228923
362049ms INFO telemetry - 0.000000,-1.012598,-9.033203,-52.038778,-9.635417,-46.430664
362070ms INFO telemetry - 0.000000,-1.012598,-9.033203,-52.228475,-10.087077,-46.615845
362099ms INFO telemetry - 0.000000,-1.012598,-10.538737,-52.439250,-9.334310,-47.002767
362113ms INFO telemetry - 0.000000,-1.012598,-10.388184,-52.651530,-9.484863,-47.189453
362134ms INFO telemetry - 0.000000,-1.012598,-9.936523,-52.848755,-9.936523,-47.388184
362153ms INFO telemetry - 0.000000,-1.012598,-10.990397,-53.065552,-9.936523,-47.588420
362169ms INFO telemetry - 0.000000,-1.012598,-11.291504,-53.292887,-9.936523,-47.588420
362199ms INFO telemetry - 0.000000,-1.012598,-9.334310,-53.490112,-9.936523,-47.999430
362209ms INFO telemetry - 0.000000,-1.012598,-9.334310,-53.672282,-9.936523,-47.999430
362230ms INFO telemetry - 0.000000,-1.012598,-10.237630,-53.872518,-9.785970,-48.187622
362250ms INFO telemetry - 0.000000,-1.012598,-10.237630,-54.092326,-9.484863,-48.387858
362270ms INFO telemetry - 0.000000,-1.012598,-10.990397,-54.092326,-9.785970,-48.579061
362289ms INFO telemetry - 0.000000,-1.012598,-9.936523,-54.297078,-9.484863,-48.774780
362309ms INFO telemetry - 0.000000,-1.012598,-11.140951,-54.510864,-9.785970,-48.962972
362330ms INFO telemetry - 0.000000,-1.012598,-11.893717,-54.742716,-9.334310,-49.166219
362349ms INFO telemetry - 0.000000,-1.012598,-10.689290,-54.967041,-9.936523,-49.351400
362369ms INFO telemetry - 0.000000,-1.012598,-9.334310,-55.156738,-10.237630,-49.559163
362390ms INFO telemetry - 0.000000,-1.012598,-10.388184,-55.359985,-10.237630,-49.762410
362410ms INFO telemetry - 0.000000,-1.012598,-9.936523,-55.787557,-9.635417,-49.964152
362430ms INFO telemetry - 0.000000,-1.012598,-10.689290,-55.993815,-10.087077,-50.159871
362449ms INFO telemetry - 0.000000,-1.012598,-10.689290,-55.993815,-10.087077,-50.366130
362469ms INFO telemetry - 0.000000,-1.012598,-11.291504,-56.221151,-10.237630,-50.572388
362490ms INFO telemetry - 0.000000,-1.012598,-10.990397,-56.641195,-10.087077,-50.783162
362509ms INFO telemetry - 0.000000,-1.012598,-9.484863,-56.835409,-10.538737,-50.978882
362531ms INFO telemetry - 0.000000,-1.012598,-10.990397,-57.050700,-10.388184,-51.195679
362550ms INFO telemetry - 0.000000,-1.012598,-10.538737,-57.265991,-10.087077,-51.392904
362570ms INFO telemetry - 0.000000,-1.012598,-10.538737,-57.467733,-9.785970,-51.584106
362590ms INFO telemetry - 0.000000,-1.012598,-10.087077,-57.689046,-10.388184,-51.790365
362610ms INFO telemetry - 0.000000,-1.012598,-11.743164,-57.925415,-10.388184,-51.999634
362630ms INFO telemetry - 0.000000,-1.012598,-9.484863,-58.127157,-9.936523,-52.193848
362650ms INFO telemetry - 0.000000,-1.012598,-9.484863,-58.313843,-10.237630,-52.406128
362670ms INFO telemetry - 0.000000,-1.012598,-9.484863,-58.515584,-10.388184,-52.607869
362689ms INFO telemetry - 0.000000,-1.012598,-10.388184,-58.515584,-10.388184,-52.823161
362709ms INFO telemetry - 0.000000,-1.012598,-10.839844,-58.733887,-9.785970,-53.011353
362729ms INFO telemetry - 0.000000,-1.012598,-9.936523,-59.153931,-10.388184,-53.222127
362749ms INFO telemetry - 0.000000,-1.012598,-11.291504,-59.153931,-10.087077,-53.428385
362770ms INFO telemetry - 0.000000,-1.012598,-10.538737,-59.608602,-10.087077,-53.624105
362790ms INFO telemetry - 0.000000,-1.012598,-10.538737,-59.608602,-9.785970,-53.828857
362809ms INFO telemetry - 0.000000,-1.012598,-9.484863,-59.798299,-10.237630,-54.020060
362829ms INFO telemetry - 0.000000,-1.012598,-10.237630,-60.000041,-10.388184,-54.230835
362852ms INFO telemetry - 0.000000,-1.012598,-10.087077,-60.430623,-10.087077,-54.435588
362871ms INFO telemetry - 0.000000,-1.012598,-10.990397,-60.639893,-10.087077,-54.644857
362889ms INFO telemetry - 0.000000,-1.012598,-10.990397,-60.639893,-9.936523,-54.846598
362909ms INFO telemetry - 0.000000,-1.012598,-11.893717,-61.105103,-10.087077,-55.039307
362930ms INFO telemetry - 0.000000,-1.012598,-9.635417,-61.300822,-9.936523,-55.244059
362949ms INFO telemetry - 0.000000,-1.012598,-10.237630,-61.504069,-9.936523,-55.436768
362969ms INFO telemetry - 0.000000,-1.012598,-10.237630,-61.504069,-10.689290,-55.656576
362989ms INFO telemetry - 0.000000,-1.012598,-11.592611,-61.728394,-10.087077,-55.847778
363012ms INFO telemetry - 0.000000,-1.012598,-11.140951,-62.164998,-9.936523,-56.060059
363030ms INFO telemetry - 0.000000,-1.012598,-12.044271,-62.402873,-10.087077,-56.260295
363050ms INFO telemetry - 0.000000,-1.012598,-11.592611,-62.637736,-10.689290,-56.471069
363069ms INFO telemetry - 0.000000,-1.012598,-11.592611,-62.637736,-10.388184,-56.668294
363089ms INFO telemetry - 0.000000,-1.012598,-9.635417,-62.834961,-9.936523,-56.882080
363115ms INFO telemetry - 0.000000,-1.012598,-11.140951,-63.255005,-10.538737,-57.092855
363130ms INFO telemetry - 0.000000,-1.012598,-10.388184,-63.468791,-10.388184,-57.303630
363149ms INFO telemetry - 0.000000,-1.012598,-10.538737,-63.676554,-10.237630,-57.511393
363170ms INFO telemetry - 0.000000,-1.012598,-11.743164,-63.908407,-9.785970,-57.707113
363190ms INFO telemetry - 0.000000,-1.012598,-11.743164,-63.908407,-10.237630,-57.913371
363218ms INFO telemetry - 0.000000,-1.012598,-9.635417,-64.342000,-10.087077,-58.319865
363238ms INFO telemetry - 0.000000,-1.012598,-9.936523,-64.537720,-9.936523,-58.520101
363249ms INFO telemetry - 0.000000,-1.012598,-9.936523,-64.754517,-9.936523,-58.520101
363269ms INFO telemetry - 0.000000,-1.012598,-11.140951,-64.975830,-10.839844,-58.732381
363289ms INFO telemetry - 0.000000,-1.012598,-10.689290,-64.975830,-10.538737,-58.940145
363309ms INFO telemetry - 0.000000,-1.012598,-10.388184,-65.179077,-10.237630,-59.143392
363329ms INFO telemetry - 0.000000,-1.012598,-11.442057,-65.404907,-10.388184,-59.355672
363349ms INFO telemetry - 0.000000,-1.012598,-12.044271,-65.641276,-10.388184,-59.557414
363369ms INFO telemetry - 0.000000,-1.012598,-9.635417,-65.846029,-10.538737,-59.766683
363389ms INFO telemetry - 0.000000,-1.012598,-9.785970,-66.252523,-9.785970,-59.971436
363409ms INFO telemetry - 0.000000,-1.012598,-10.990397,-66.252523,-10.388184,-60.188232
363430ms INFO telemetry - 0.000000,-1.012598,-10.237630,-66.680094,-10.237630,-60.395996
363450ms INFO telemetry - 0.000000,-1.012598,-10.237630,-66.680094,-10.087077,-60.597738
363469ms INFO telemetry - 0.000000,-1.012598,-11.442057,-66.902913,-9.785970,-60.797974
363489ms INFO telemetry - 0.000000,-1.012598,-12.194824,-67.143799,-10.237630,-60.993693
